{"name": "test_search_001", "status": "failed", "statusDetails": {"message": "AssertionError: assert False", "trace": "self = <testcases.test_search.Test_search object at 0x0000018E119E9910>\nsetup = <selenium.webdriver.chrome.webdriver.WebDriver (session=\"d721f13250278c8fae05cb6365c25f14\")>\n\n    def test_search_001(self, setup):\n        self.logs.info(\"Browser is opening\")\n        self.driver = setup\n        self.logs.info(\"Enter the URL\")\n        self.driver.get(self.url)\n        self.logs.info(\"Object is creating for Search_Option class\")\n        self.se = Search_Option(self.driver)\n        self.logs.info(\"Calling search_option method\")\n        self.se.search_option('shoes')\n        print(self.driver.title)\n        if self.driver.title == \"Shoes Kids- Buy Products Online at Best Price in India - All Categories | Flipkart.com\":\n            assert True\n        else:\n>           assert False\nE           assert False\n\ntestcases\\test_search.py:25: AssertionError"}, "attachments": [{"name": "log", "source": "e52fe579-b50a-454d-9626-fad5dc65d76d-attachment.txt", "type": "text/plain"}], "start": 1707474286831, "stop": 1707474298359, "uuid": "f443d5d5-2d94-4aee-b9f7-f1b503681cda", "historyId": "2143bbd0fc3f912c178ba42f7746f7f2", "testCaseId": "2143bbd0fc3f912c178ba42f7746f7f2", "fullName": "testcases.test_search.Test_search#test_search_001", "labels": [{"name": "parentSuite", "value": "testcases"}, {"name": "suite", "value": "test_search"}, {"name": "subSuite", "value": "Test_search"}, {"name": "host", "value": "DESKTOP-AQ4LAS9"}, {"name": "thread", "value": "10336-MainThread"}, {"name": "framework", "value": "pytest"}, {"name": "language", "value": "cpython3"}, {"name": "package", "value": "testcases.test_search"}]}